<?xml version="1.0" encoding="UTF-8"?>
<testng-results ignored="0" total="1" passed="1" failed="0" skipped="0">
  <reporter-output>
  </reporter-output>
  <suite started-at="2022-12-21T06:24:25 IST" name="Basic Test Suite" finished-at="2022-12-21T06:24:26 IST" duration-ms="910">
    <groups>
    </groups>
    <test started-at="2022-12-21T06:24:25 IST" name="Test" finished-at="2022-12-21T06:24:26 IST" duration-ms="910">
      <class name="testcases.FirstPageTest">
        <test-method is-config="true" signature="setUp()[pri:0, instance:testcases.FirstPageTest@6ce86ce1]" started-at="2022-12-21T06:24:21 IST" name="setUp" finished-at="2022-12-21T06:24:25 IST" duration-ms="4943" status="PASS">
          <reporter-output>
          </reporter-output>
        </test-method> <!-- setUp -->
        <test-method signature="titleTest()[pri:0, instance:testcases.FirstPageTest@6ce86ce1]" started-at="2022-12-21T06:24:26 IST" name="titleTest" finished-at="2022-12-21T06:24:26 IST" duration-ms="54" status="PASS">
          <reporter-output>
          </reporter-output>
        </test-method> <!-- titleTest -->
        <test-method is-config="true" signature="tearDown()[pri:0, instance:testcases.FirstPageTest@6ce86ce1]" started-at="2022-12-21T06:24:26 IST" name="tearDown" finished-at="2022-12-21T06:24:27 IST" duration-ms="327" status="PASS">
          <reporter-output>
          </reporter-output>
        </test-method> <!-- tearDown -->
      </class> <!-- testcases.FirstPageTest -->
    </test> <!-- Test -->
  </suite> <!-- Basic Test Suite -->
</testng-results>
